============================= test session starts ==============================
collecting ... collected 46 items

pytest_spmatrix_priv.py::test_spmatrix_01 FAILED                         [  2%]
pytest_spmatrix_priv.py::test_spmatrix_02 FAILED                         [  4%]
pytest_spmatrix_priv.py::test_spmatrix_03 FAILED                         [  6%]
pytest_spmatrix_priv.py::test_spmatrix_04 FAILED                         [  8%]
pytest_spmatrix_priv.py::test_spmatrix_05 FAILED                         [ 10%]
pytest_spmatrix_priv.py::test_spmatrix_06 FAILED                         [ 13%]
pytest_spmatrix_priv.py::test_spmatrix_07 FAILED                         [ 15%]
pytest_spmatrix_priv.py::test_spmatrix_08 FAILED                         [ 17%]
pytest_spmatrix_priv.py::test_spmatrix_09 FAILED                         [ 19%]
pytest_spmatrix_priv.py::test_spmatrix_10 FAILED                         [ 21%]
pytest_spmatrix_priv.py::test_spmatrix_11 FAILED                         [ 23%]
pytest_spmatrix_priv.py::test_spmatrix_12 FAILED                         [ 26%]
pytest_spmatrix_priv.py::test_spmatrix_13 FAILED                         [ 28%]
pytest_spmatrix_priv.py::test_spmatrix_14 FAILED                         [ 30%]
pytest_spmatrix_priv.py::test_spmatrix_15 FAILED                         [ 32%]
pytest_spmatrix_priv.py::test_spmatrix_16 FAILED                         [ 34%]
pytest_spmatrix_priv.py::test_spmatrix_17 FAILED                         [ 36%]
pytest_spmatrix_priv.py::test_spmatrix_18 FAILED                         [ 39%]
pytest_spmatrix_priv.py::test_spmatrix_19 FAILED                         [ 41%]
pytest_spmatrix_priv.py::test_spmatrix_20 FAILED                         [ 43%]
pytest_spmatrix_priv.py::test_spmatrix_21 FAILED                         [ 45%]
pytest_spmatrix_priv.py::test_spmatrix_22 FAILED                         [ 47%]
pytest_spmatrix_priv.py::test_spmatrix_23 FAILED                         [ 50%]
pytest_spmatrix_priv.py::test_spmatrix_24 FAILED                         [ 52%]
pytest_spmatrix_priv.py::test_spmatrix_25 FAILED                         [ 54%]
pytest_spmatrix_priv.py::test_spmatrix_26 FAILED                         [ 56%]
pytest_spmatrix_priv.py::test_spmatrix_27 FAILED                         [ 58%]
pytest_spmatrix_priv.py::test_spmatrix_28 FAILED                         [ 60%]
pytest_spmatrix_priv.py::test_spmatrix_29 FAILED                         [ 63%]
pytest_spmatrix_priv.py::test_spmatrix_30 FAILED                         [ 65%]
pytest_spmatrix_priv.py::test_spmatrix_31 FAILED                         [ 67%]
pytest_spmatrix_priv.py::test_spmatrix_32 FAILED                         [ 69%]
pytest_spmatrix_priv.py::test_spmatrix_33 FAILED                         [ 71%]
pytest_spmatrix_priv.py::test_spmatrix_34 FAILED                         [ 73%]
pytest_spmatrix_priv.py::test_spmatrix_35 FAILED                         [ 76%]
pytest_spmatrix_priv.py::test_spmatrix_36 FAILED                         [ 78%]
pytest_spmatrix_priv.py::test_spmatrix_37 FAILED                         [ 80%]
pytest_spmatrix_priv.py::test_spmatrix_38 FAILED                         [ 82%]
pytest_spmatrix_priv.py::test_spmatrix_39 FAILED                         [ 84%]
pytest_spmatrix_priv.py::test_spmatrix_40 FAILED                         [ 86%]
pytest_spmatrix_priv.py::test_spmatrix_41 FAILED                         [ 89%]
pytest_spmatrix_priv.py::test_spmatrix_42 FAILED                         [ 91%]
pytest_spmatrix_priv.py::test_spmatrix_43 FAILED                         [ 93%]
pytest_spmatrix_priv.py::test_spmatrix_44 FAILED                         [ 95%]
pytest_spmatrix_priv.py::test_spmatrix_45 FAILED                         [ 97%]
pytest_spmatrix_priv.py::test_spmatrix_46 FAILED                         [100%]

============================== slowest durations ===============================

(138 durations < 1s hidden.  Use -vv to show these durations.)
============================== 46 failed in 0.03s ==============================
